# JRE version: OpenJDK Runtime Environment (11.0.10) (build 11.0.10+0-b96-7249189)
# Java VM: OpenJDK 64-Bit Server VM (11.0.10+0-b96-7249189, mixed mode, tiered, compressed oops, g1 gc, windows-amd64)
Heap:
 garbage-first heap   total 494592K, used 376157K [0x0000000080000000, 0x0000000100000000)
  region size 1024K, 137 young (140288K), 17 survivors (17408K)
 Metaspace       used 130960K, capacity 134680K, committed 134912K, reserved 1167360K
  class space    used 16519K, capacity 17933K, committed 17996K, reserved 1048576K
GC Heap History (20 events):
Event: 15.850 GC heap after
{Heap after GC invocations=41 (full 0):
 garbage-first heap   total 225280K, used 158143K [0x0000000080000000, 0x0000000100000000)
  region size 1024K, 5 young (5120K), 5 survivors (5120K)
 Metaspace       used 103381K, capacity 105777K, committed 105984K, reserved 1140736K
  class space    used 13176K, capacity 14059K, committed 14156K, reserved 1048576K
}
Event: 16.100 GC heap before
{Heap before GC invocations=41 (full 0):
 garbage-first heap   total 225280K, used 173503K [0x0000000080000000, 0x0000000100000000)
  region size 1024K, 27 young (27648K), 5 survivors (5120K)
 Metaspace       used 104928K, capacity 107441K, committed 107520K, reserved 1142784K
  class space    used 13413K, capacity 14354K, committed 14412K, reserved 1048576K
}
Event: 16.118 GC heap after
{Heap after GC invocations=42 (full 0):
 garbage-first heap   total 361472K, used 155957K [0x0000000080000000, 0x0000000100000000)
  region size 1024K, 4 young (4096K), 4 survivors (4096K)
 Metaspace       used 104928K, capacity 107441K, committed 107520K, reserved 1142784K
  class space    used 13413K, capacity 14354K, committed 14412K, reserved 1048576K
}
Event: 16.560 GC heap before
{Heap before GC invocations=43 (full 0):
 garbage-first heap   total 361472K, used 235829K [0x0000000080000000, 0x0000000100000000)
  region size 1024K, 77 young (78848K), 4 survivors (4096K)
 Metaspace       used 105468K, capacity 108004K, committed 108160K, reserved 1142784K
  class space    used 13473K, capacity 14426K, committed 14540K, reserved 1048576K
}
Event: 16.575 GC heap after
{Heap after GC invocations=44 (full 0):
 garbage-first heap   total 361472K, used 168212K [0x0000000080000000, 0x0000000100000000)
  region size 1024K, 10 young (10240K), 10 survivors (10240K)
 Metaspace       used 105468K, capacity 108004K, committed 108160K, reserved 1142784K
  class space    used 13473K, capacity 14426K, committed 14540K, reserved 1048576K
}
Event: 16.624 GC heap before
{Heap before GC invocations=44 (full 0):
 garbage-first heap   total 361472K, used 175380K [0x0000000080000000, 0x0000000100000000)
  region size 1024K, 17 young (17408K), 10 survivors (10240K)
 Metaspace       used 105560K, capacity 108203K, committed 108416K, reserved 1142784K
  class space    used 13480K, capacity 14428K, committed 14540K, reserved 1048576K
}
Event: 16.639 GC heap after
{Heap after GC invocations=45 (full 0):
 garbage-first heap   total 361472K, used 169792K [0x0000000080000000, 0x0000000100000000)
  region size 1024K, 3 young (3072K), 3 survivors (3072K)
 Metaspace       used 105560K, capacity 108203K, committed 108416K, reserved 1142784K
  class space    used 13480K, capacity 14428K, committed 14540K, reserved 1048576K
}
Event: 17.431 GC heap before
{Heap before GC invocations=45 (full 0):
 garbage-first heap   total 361472K, used 256832K [0x0000000080000000, 0x0000000100000000)
  region size 1024K, 77 young (78848K), 3 survivors (3072K)
 Metaspace       used 106036K, capacity 108702K, committed 108928K, reserved 1144832K
  class space    used 13536K, capacity 14503K, committed 14540K, reserved 1048576K
}
Event: 17.444 GC heap after
{Heap after GC invocations=46 (full 0):
 garbage-first heap   total 361472K, used 189307K [0x0000000080000000, 0x0000000100000000)
  region size 1024K, 10 young (10240K), 10 survivors (10240K)
 Metaspace       used 106036K, capacity 108702K, committed 108928K, reserved 1144832K
  class space    used 13536K, capacity 14503K, committed 14540K, reserved 1048576K
}
Event: 17.912 GC heap before
{Heap before GC invocations=47 (full 0):
 garbage-first heap   total 361472K, used 269179K [0x0000000080000000, 0x0000000100000000)
  region size 1024K, 81 young (82944K), 10 survivors (10240K)
 Metaspace       used 106198K, capacity 108802K, committed 109184K, reserved 1144832K
  class space    used 13509K, capacity 14452K, committed 14540K, reserved 1048576K
}
Event: 17.923 GC heap after
{Heap after GC invocations=48 (full 0):
 garbage-first heap   total 494592K, used 198628K [0x0000000080000000, 0x0000000100000000)
  region size 1024K, 4 young (4096K), 4 survivors (4096K)
 Metaspace       used 106198K, capacity 108802K, committed 109184K, reserved 1144832K
  class space    used 13509K, capacity 14452K, committed 14540K, reserved 1048576K
}
Event: 18.162 GC heap before
{Heap before GC invocations=48 (full 0):
 garbage-first heap   total 494592K, used 218084K [0x0000000080000000, 0x0000000100000000)
  region size 1024K, 24 young (24576K), 4 survivors (4096K)
 Metaspace       used 106768K, capacity 109351K, committed 109568K, reserved 1144832K
  class space    used 13573K, capacity 14526K, committed 14668K, reserved 1048576K
}
Event: 18.169 GC heap after
{Heap after GC invocations=49 (full 0):
 garbage-first heap   total 494592K, used 193480K [0x0000000080000000, 0x0000000100000000)
  region size 1024K, 3 young (3072K), 3 survivors (3072K)
 Metaspace       used 106768K, capacity 109351K, committed 109568K, reserved 1144832K
  class space    used 13573K, capacity 14526K, committed 14668K, reserved 1048576K
}
Event: 20.741 GC heap before
{Heap before GC invocations=49 (full 0):
 garbage-first heap   total 494592K, used 317384K [0x0000000080000000, 0x0000000100000000)
  region size 1024K, 123 young (125952K), 3 survivors (3072K)
 Metaspace       used 114861K, capacity 117713K, committed 118016K, reserved 1150976K
  class space    used 14541K, capacity 15603K, committed 15692K, reserved 1048576K
}
Event: 20.753 GC heap after
{Heap after GC invocations=50 (full 0):
 garbage-first heap   total 494592K, used 208840K [0x0000000080000000, 0x0000000100000000)
  region size 1024K, 16 young (16384K), 16 survivors (16384K)
 Metaspace       used 114861K, capacity 117713K, committed 118016K, reserved 1150976K
  class space    used 14541K, capacity 15603K, committed 15692K, reserved 1048576K
}
Event: 22.280 GC heap before
{Heap before GC invocations=50 (full 0):
 garbage-first heap   total 494592K, used 348104K [0x0000000080000000, 0x0000000100000000)
  region size 1024K, 152 young (155648K), 16 survivors (16384K)
 Metaspace       used 122668K, capacity 125550K, committed 125824K, reserved 1159168K
  class space    used 15356K, capacity 16459K, committed 16588K, reserved 1048576K
}
Event: 22.305 GC heap after
{Heap after GC invocations=51 (full 0):
 garbage-first heap   total 494592K, used 246603K [0x0000000080000000, 0x0000000100000000)
  region size 1024K, 19 young (19456K), 19 survivors (19456K)
 Metaspace       used 122668K, capacity 125550K, committed 125824K, reserved 1159168K
  class space    used 15356K, capacity 16459K, committed 16588K, reserved 1048576K
}
Event: 23.158 GC heap before
{Heap before GC invocations=51 (full 0):
 garbage-first heap   total 494592K, used 373578K [0x0000000080000000, 0x0000000100000000)
  region size 1024K, 138 young (141312K), 19 survivors (19456K)
 Metaspace       used 126191K, capacity 129335K, committed 129536K, reserved 1161216K
  class space    used 15735K, capacity 16876K, committed 16972K, reserved 1048576K
}
Event: 23.176 GC heap after
{Heap after GC invocations=52 (full 0):
 garbage-first heap   total 494592K, used 253277K [0x0000000080000000, 0x0000000100000000)
  region size 1024K, 13 young (13312K), 13 survivors (13312K)
 Metaspace       used 126191K, capacity 129335K, committed 129536K, reserved 1161216K
  class space    used 15735K, capacity 16876K, committed 16972K, reserved 1048576K
}
Event: 23.711 GC heap before
{Heap before GC invocations=52 (full 0):
 garbage-first heap   total 494592K, used 375133K [0x0000000080000000, 0x0000000100000000)
  region size 1024K, 133 young (136192K), 13 survivors (13312K)
 Metaspace       used 130960K, capacity 134680K, committed 134912K, reserved 1167360K
  class space    used 16519K, capacity 17933K, committed 17996K, reserved 1048576K
}

