# JRE version: OpenJDK Runtime Environment (11.0.10) (build 11.0.10+0-b96-7249189)
# Java VM: OpenJDK 64-Bit Server VM (11.0.10+0-b96-7249189, mixed mode, tiered, compressed oops, g1 gc, windows-amd64)
Heap:
 garbage-first heap   total 187392K, used 124851K [0x0000000080000000, 0x0000000100000000)
  region size 1024K, 32 young (32768K), 1 survivors (1024K)
 Metaspace       used 119951K, capacity 124450K, committed 124504K, reserved 1157120K
  class space    used 14903K, capacity 16555K, committed 16588K, reserved 1048576K
GC Heap History (20 events):
Event: 5730.625 GC heap before
{Heap before GC invocations=137 (full 0):
 garbage-first heap   total 187392K, used 109119K [0x0000000080000000, 0x0000000100000000)
  region size 1024K, 9 young (9216K), 3 survivors (3072K)
 Metaspace       used 119682K, capacity 124245K, committed 124504K, reserved 1157120K
  class space    used 14903K, capacity 16555K, committed 16588K, reserved 1048576K
}
Event: 5730.661 GC heap after
{Heap after GC invocations=138 (full 0):
 garbage-first heap   total 187392K, used 95697K [0x0000000080000000, 0x0000000100000000)
  region size 1024K, 2 young (2048K), 2 survivors (2048K)
 Metaspace       used 119682K, capacity 124245K, committed 124504K, reserved 1157120K
  class space    used 14903K, capacity 16555K, committed 16588K, reserved 1048576K
}
Event: 5730.965 GC heap before
{Heap before GC invocations=138 (full 0):
 garbage-first heap   total 187392K, used 115153K [0x0000000080000000, 0x0000000100000000)
  region size 1024K, 23 young (23552K), 2 survivors (2048K)
 Metaspace       used 119698K, capacity 124255K, committed 124504K, reserved 1157120K
  class space    used 14903K, capacity 16557K, committed 16588K, reserved 1048576K
}
Event: 5730.985 GC heap after
{Heap after GC invocations=139 (full 0):
 garbage-first heap   total 187392K, used 98248K [0x0000000080000000, 0x0000000100000000)
  region size 1024K, 5 young (5120K), 5 survivors (5120K)
 Metaspace       used 119698K, capacity 124255K, committed 124504K, reserved 1157120K
  class space    used 14903K, capacity 16557K, committed 16588K, reserved 1048576K
}
Event: 5731.444 GC heap before
{Heap before GC invocations=140 (full 0):
 garbage-first heap   total 187392K, used 142280K [0x0000000080000000, 0x0000000100000000)
  region size 1024K, 47 young (48128K), 5 survivors (5120K)
 Metaspace       used 119697K, capacity 124249K, committed 124504K, reserved 1157120K
  class space    used 14903K, capacity 16555K, committed 16588K, reserved 1048576K
}
Event: 5731.458 GC heap after
{Heap after GC invocations=141 (full 0):
 garbage-first heap   total 187392K, used 110198K [0x0000000080000000, 0x0000000100000000)
  region size 1024K, 6 young (6144K), 6 survivors (6144K)
 Metaspace       used 119697K, capacity 124249K, committed 124504K, reserved 1157120K
  class space    used 14903K, capacity 16555K, committed 16588K, reserved 1048576K
}
Event: 5731.492 GC heap before
{Heap before GC invocations=141 (full 0):
 garbage-first heap   total 187392K, used 113270K [0x0000000080000000, 0x0000000100000000)
  region size 1024K, 9 young (9216K), 6 survivors (6144K)
 Metaspace       used 119701K, capacity 124249K, committed 124504K, reserved 1157120K
  class space    used 14903K, capacity 16555K, committed 16588K, reserved 1048576K
}
Event: 5731.510 GC heap after
{Heap after GC invocations=142 (full 0):
 garbage-first heap   total 187392K, used 95210K [0x0000000080000000, 0x0000000100000000)
  region size 1024K, 1 young (1024K), 1 survivors (1024K)
 Metaspace       used 119701K, capacity 124249K, committed 124504K, reserved 1157120K
  class space    used 14903K, capacity 16555K, committed 16588K, reserved 1048576K
}
Event: 5731.941 GC heap before
{Heap before GC invocations=142 (full 0):
 garbage-first heap   total 187392K, used 139242K [0x0000000080000000, 0x0000000100000000)
  region size 1024K, 44 young (45056K), 1 survivors (1024K)
 Metaspace       used 119807K, capacity 124381K, committed 124504K, reserved 1157120K
  class space    used 14903K, capacity 16555K, committed 16588K, reserved 1048576K
}
Event: 5731.949 GC heap after
{Heap after GC invocations=143 (full 0):
 garbage-first heap   total 187392K, used 96896K [0x0000000080000000, 0x0000000100000000)
  region size 1024K, 3 young (3072K), 3 survivors (3072K)
 Metaspace       used 119807K, capacity 124381K, committed 124504K, reserved 1157120K
  class space    used 14903K, capacity 16555K, committed 16588K, reserved 1048576K
}
Event: 5863.365 GC heap before
{Heap before GC invocations=144 (full 0):
 garbage-first heap   total 187392K, used 150144K [0x0000000080000000, 0x0000000100000000)
  region size 1024K, 48 young (49152K), 3 survivors (3072K)
 Metaspace       used 119858K, capacity 124446K, committed 124504K, reserved 1157120K
  class space    used 14903K, capacity 16555K, committed 16588K, reserved 1048576K
}
Event: 5863.376 GC heap after
{Heap after GC invocations=145 (full 0):
 garbage-first heap   total 187392K, used 101203K [0x0000000080000000, 0x0000000100000000)
  region size 1024K, 6 young (6144K), 6 survivors (6144K)
 Metaspace       used 119858K, capacity 124446K, committed 124504K, reserved 1157120K
  class space    used 14903K, capacity 16555K, committed 16588K, reserved 1048576K
}
Event: 5863.469 GC heap before
{Heap before GC invocations=145 (full 0):
 garbage-first heap   total 187392K, used 103251K [0x0000000080000000, 0x0000000100000000)
  region size 1024K, 9 young (9216K), 6 survivors (6144K)
 Metaspace       used 119878K, capacity 124447K, committed 124504K, reserved 1157120K
  class space    used 14903K, capacity 16555K, committed 16588K, reserved 1048576K
}
Event: 5863.495 GC heap after
{Heap after GC invocations=146 (full 0):
 garbage-first heap   total 187392K, used 96556K [0x0000000080000000, 0x0000000100000000)
  region size 1024K, 2 young (2048K), 2 survivors (2048K)
 Metaspace       used 119878K, capacity 124447K, committed 124504K, reserved 1157120K
  class space    used 14903K, capacity 16555K, committed 16588K, reserved 1048576K
}
Event: 5863.513 GC heap before
{Heap before GC invocations=146 (full 0):
 garbage-first heap   total 187392K, used 98604K [0x0000000080000000, 0x0000000100000000)
  region size 1024K, 5 young (5120K), 2 survivors (2048K)
 Metaspace       used 119888K, capacity 124453K, committed 124504K, reserved 1157120K
  class space    used 14903K, capacity 16557K, committed 16588K, reserved 1048576K
}
Event: 5863.526 GC heap after
{Heap after GC invocations=147 (full 0):
 garbage-first heap   total 187392K, used 96809K [0x0000000080000000, 0x0000000100000000)
  region size 1024K, 2 young (2048K), 2 survivors (2048K)
 Metaspace       used 119888K, capacity 124453K, committed 124504K, reserved 1157120K
  class space    used 14903K, capacity 16557K, committed 16588K, reserved 1048576K
}
Event: 5864.019 GC heap before
{Heap before GC invocations=148 (full 0):
 garbage-first heap   total 187392K, used 143913K [0x0000000080000000, 0x0000000100000000)
  region size 1024K, 49 young (50176K), 2 survivors (2048K)
 Metaspace       used 119897K, capacity 124447K, committed 124504K, reserved 1157120K
  class space    used 14903K, capacity 16555K, committed 16588K, reserved 1048576K
}
Event: 5864.032 GC heap after
{Heap after GC invocations=149 (full 0):
 garbage-first heap   total 187392K, used 106664K [0x0000000080000000, 0x0000000100000000)
  region size 1024K, 7 young (7168K), 7 survivors (7168K)
 Metaspace       used 119897K, capacity 124447K, committed 124504K, reserved 1157120K
  class space    used 14903K, capacity 16555K, committed 16588K, reserved 1048576K
}
Event: 5864.056 GC heap before
{Heap before GC invocations=149 (full 0):
 garbage-first heap   total 187392K, used 108712K [0x0000000080000000, 0x0000000100000000)
  region size 1024K, 9 young (9216K), 7 survivors (7168K)
 Metaspace       used 119901K, capacity 124447K, committed 124504K, reserved 1157120K
  class space    used 14903K, capacity 16555K, committed 16588K, reserved 1048576K
}
Event: 5864.071 GC heap after
{Heap after GC invocations=150 (full 0):
 garbage-first heap   total 187392K, used 95155K [0x0000000080000000, 0x0000000100000000)
  region size 1024K, 1 young (1024K), 1 survivors (1024K)
 Metaspace       used 119901K, capacity 124447K, committed 124504K, reserved 1157120K
  class space    used 14903K, capacity 16555K, committed 16588K, reserved 1048576K
}

