# JRE version: OpenJDK Runtime Environment (11.0.10) (build 11.0.10+0-b96-7249189)
# Java VM: OpenJDK 64-Bit Server VM (11.0.10+0-b96-7249189, mixed mode, tiered, compressed oops, g1 gc, windows-amd64)
Heap:
 garbage-first heap   total 187392K, used 103532K [0x0000000080000000, 0x0000000100000000)
  region size 1024K, 14 young (14336K), 5 survivors (5120K)
 Metaspace       used 121314K, capacity 125858K, committed 126176K, reserved 1159168K
  class space    used 15118K, capacity 16776K, committed 16844K, reserved 1048576K
GC Heap History (20 events):
Event: 4604.032 GC heap before
{Heap before GC invocations=119 (full 0):
 garbage-first heap   total 187392K, used 142904K [0x0000000080000000, 0x0000000100000000)
  region size 1024K, 52 young (53248K), 4 survivors (4096K)
 Metaspace       used 118438K, capacity 123032K, committed 123232K, reserved 1157120K
  class space    used 14831K, capacity 16418K, committed 16460K, reserved 1048576K
}
Event: 4604.039 GC heap after
{Heap after GC invocations=120 (full 0):
 garbage-first heap   total 187392K, used 95670K [0x0000000080000000, 0x0000000100000000)
  region size 1024K, 4 young (4096K), 4 survivors (4096K)
 Metaspace       used 118438K, capacity 123032K, committed 123232K, reserved 1157120K
  class space    used 14831K, capacity 16418K, committed 16460K, reserved 1048576K
}
Event: 4604.083 GC heap before
{Heap before GC invocations=120 (full 0):
 garbage-first heap   total 187392K, used 100790K [0x0000000080000000, 0x0000000100000000)
  region size 1024K, 9 young (9216K), 4 survivors (4096K)
 Metaspace       used 118491K, capacity 123099K, committed 123232K, reserved 1157120K
  class space    used 14831K, capacity 16418K, committed 16460K, reserved 1048576K
}
Event: 4604.099 GC heap after
{Heap after GC invocations=121 (full 0):
 garbage-first heap   total 187392K, used 80688K [0x0000000080000000, 0x0000000100000000)
  region size 1024K, 1 young (1024K), 1 survivors (1024K)
 Metaspace       used 118491K, capacity 123099K, committed 123232K, reserved 1157120K
  class space    used 14831K, capacity 16418K, committed 16460K, reserved 1048576K
}
Event: 4604.300 GC heap before
{Heap before GC invocations=121 (full 0):
 garbage-first heap   total 187392K, used 99120K [0x0000000080000000, 0x0000000100000000)
  region size 1024K, 20 young (20480K), 1 survivors (1024K)
 Metaspace       used 118586K, capacity 123189K, committed 123232K, reserved 1157120K
  class space    used 14842K, capacity 16439K, committed 16460K, reserved 1048576K
}
Event: 4604.304 GC heap after
{Heap after GC invocations=122 (full 0):
 garbage-first heap   total 187392K, used 80649K [0x0000000080000000, 0x0000000100000000)
  region size 1024K, 1 young (1024K), 1 survivors (1024K)
 Metaspace       used 118586K, capacity 123189K, committed 123232K, reserved 1157120K
  class space    used 14842K, capacity 16439K, committed 16460K, reserved 1048576K
}
Event: 4842.206 GC heap before
{Heap before GC invocations=123 (full 0):
 garbage-first heap   total 187392K, used 150281K [0x0000000080000000, 0x0000000100000000)
  region size 1024K, 60 young (61440K), 1 survivors (1024K)
 Metaspace       used 118477K, capacity 122948K, committed 123232K, reserved 1157120K
  class space    used 14825K, capacity 16410K, committed 16460K, reserved 1048576K
}
Event: 4842.247 GC heap after
{Heap after GC invocations=124 (full 0):
 garbage-first heap   total 187392K, used 91034K [0x0000000080000000, 0x0000000100000000)
  region size 1024K, 8 young (8192K), 8 survivors (8192K)
 Metaspace       used 118477K, capacity 122948K, committed 123232K, reserved 1157120K
  class space    used 14825K, capacity 16410K, committed 16460K, reserved 1048576K
}
Event: 4842.281 GC heap before
{Heap before GC invocations=124 (full 0):
 garbage-first heap   total 187392K, used 91034K [0x0000000080000000, 0x0000000100000000)
  region size 1024K, 9 young (9216K), 8 survivors (8192K)
 Metaspace       used 118477K, capacity 122948K, committed 123232K, reserved 1157120K
  class space    used 14825K, capacity 16410K, committed 16460K, reserved 1048576K
}
Event: 4842.291 GC heap after
{Heap after GC invocations=125 (full 0):
 garbage-first heap   total 187392K, used 91529K [0x0000000080000000, 0x0000000100000000)
  region size 1024K, 1 young (1024K), 1 survivors (1024K)
 Metaspace       used 118477K, capacity 122948K, committed 123232K, reserved 1157120K
  class space    used 14825K, capacity 16410K, committed 16460K, reserved 1048576K
}
Event: 4842.742 GC heap before
{Heap before GC invocations=125 (full 0):
 garbage-first heap   total 187392K, used 141705K [0x0000000080000000, 0x0000000100000000)
  region size 1024K, 51 young (52224K), 1 survivors (1024K)
 Metaspace       used 118836K, capacity 123340K, committed 123616K, reserved 1157120K
  class space    used 14849K, capacity 16451K, committed 16588K, reserved 1048576K
}
Event: 4842.756 GC heap after
{Heap after GC invocations=126 (full 0):
 garbage-first heap   total 187392K, used 97451K [0x0000000080000000, 0x0000000100000000)
  region size 1024K, 7 young (7168K), 7 survivors (7168K)
 Metaspace       used 118836K, capacity 123340K, committed 123616K, reserved 1157120K
  class space    used 14849K, capacity 16451K, committed 16588K, reserved 1048576K
}
Event: 5674.312 GC heap before
{Heap before GC invocations=127 (full 0):
 garbage-first heap   total 187392K, used 151723K [0x0000000080000000, 0x0000000100000000)
  region size 1024K, 53 young (54272K), 7 survivors (7168K)
 Metaspace       used 118880K, capacity 123405K, committed 123616K, reserved 1157120K
  class space    used 14849K, capacity 16451K, committed 16588K, reserved 1048576K
}
Event: 5674.340 GC heap after
{Heap after GC invocations=128 (full 0):
 garbage-first heap   total 187392K, used 98941K [0x0000000080000000, 0x0000000100000000)
  region size 1024K, 3 young (3072K), 3 survivors (3072K)
 Metaspace       used 118880K, capacity 123405K, committed 123616K, reserved 1157120K
  class space    used 14849K, capacity 16451K, committed 16588K, reserved 1048576K
}
Event: 5674.742 GC heap before
{Heap before GC invocations=128 (full 0):
 garbage-first heap   total 187392K, used 105085K [0x0000000080000000, 0x0000000100000000)
  region size 1024K, 9 young (9216K), 3 survivors (3072K)
 Metaspace       used 118905K, capacity 123405K, committed 123616K, reserved 1157120K
  class space    used 14849K, capacity 16451K, committed 16588K, reserved 1048576K
}
Event: 5674.781 GC heap after
{Heap after GC invocations=129 (full 0):
 garbage-first heap   total 187392K, used 95611K [0x0000000080000000, 0x0000000100000000)
  region size 1024K, 2 young (2048K), 2 survivors (2048K)
 Metaspace       used 118905K, capacity 123405K, committed 123616K, reserved 1157120K
  class space    used 14849K, capacity 16451K, committed 16588K, reserved 1048576K
}
Event: 5674.987 GC heap before
{Heap before GC invocations=129 (full 0):
 garbage-first heap   total 187392K, used 101755K [0x0000000080000000, 0x0000000100000000)
  region size 1024K, 9 young (9216K), 2 survivors (2048K)
 Metaspace       used 118914K, capacity 123405K, committed 123616K, reserved 1157120K
  class space    used 14849K, capacity 16451K, committed 16588K, reserved 1048576K
}
Event: 5675.029 GC heap after
{Heap after GC invocations=130 (full 0):
 garbage-first heap   total 187392K, used 92964K [0x0000000080000000, 0x0000000100000000)
  region size 1024K, 2 young (2048K), 2 survivors (2048K)
 Metaspace       used 118914K, capacity 123405K, committed 123616K, reserved 1157120K
  class space    used 14849K, capacity 16451K, committed 16588K, reserved 1048576K
}
Event: 5680.996 GC heap before
{Heap before GC invocations=130 (full 0):
 garbage-first heap   total 187392K, used 133924K [0x0000000080000000, 0x0000000100000000)
  region size 1024K, 43 young (44032K), 2 survivors (2048K)
 Metaspace       used 121265K, capacity 125858K, committed 126176K, reserved 1159168K
  class space    used 15114K, capacity 16776K, committed 16844K, reserved 1048576K
}
Event: 5681.017 GC heap after
{Heap after GC invocations=131 (full 0):
 garbage-first heap   total 187392K, used 96364K [0x0000000080000000, 0x0000000100000000)
  region size 1024K, 5 young (5120K), 5 survivors (5120K)
 Metaspace       used 121265K, capacity 125858K, committed 126176K, reserved 1159168K
  class space    used 15114K, capacity 16776K, committed 16844K, reserved 1048576K
}

